{"level":"info","message":"⌛ Building environment","timeElapsed":186,"timestamp":"2026-06-12T18:03:12.161Z"}
{"level":"info","message":"⌛ Building environment","timeElapsed":115,"timestamp":"2026-06-12T18:03:12.476Z"}
{"level":"info","message":"⌛ Validating tpgrupal.wtest","timeElapsed":124,"timestamp":"2026-06-12T18:03:12.681Z"}
{"level":"info","message":"⌛ Validating plantas.wlk","timeElapsed":109,"timestamp":"2026-06-12T18:03:12.894Z"}
{"level":"info","message":"⌛ Validating plantas.wlk","timeElapsed":102,"timestamp":"2026-06-12T18:03:40.155Z"}
{"level":"info","message":"⌛ Building environment","timeElapsed":113,"timestamp":"2026-06-12T18:06:12.319Z"}
{"level":"info","message":"⌛ Validating plantas.wlk","timeElapsed":103,"timestamp":"2026-06-12T18:06:12.425Z"}
{"level":"info","message":"⌛ Building environment","timeElapsed":259,"timestamp":"2026-06-14T19:42:07.646Z"}
{"level":"info","message":"⌛ Building environment","timeElapsed":189,"timestamp":"2026-06-14T19:42:07.838Z"}
{"level":"info","message":"⌛ Building environment","timeElapsed":222,"timestamp":"2026-06-14T23:12:52.227Z"}
{"level":"info","message":"⌛ Building environment","timeElapsed":187,"timestamp":"2026-06-14T23:12:52.419Z"}
{"level":"info","message":"⌛ Building environment","timeElapsed":114,"timestamp":"2026-06-14T23:12:52.536Z"}
{"level":"info","message":"⌛ Building environment","timeElapsed":117,"timestamp":"2026-06-14T23:12:52.668Z"}
{"level":"info","message":"⌛ Building environment","timeElapsed":168,"timestamp":"2026-06-14T23:12:52.849Z"}
{"level":"info","message":"⌛ Validating plantas.wlk","timeElapsed":254,"timestamp":"2026-06-14T23:12:53.104Z"}
{"level":"info","message":"⌛ Building environment","timeElapsed":131,"timestamp":"2026-06-14T23:12:53.235Z"}
{"level":"info","message":"⌛ Building environment","timeElapsed":132,"timestamp":"2026-06-14T23:12:53.383Z"}
{"level":"info","message":"⌛ Validating tpgrupal.wtest","timeElapsed":116,"timestamp":"2026-06-14T23:12:53.513Z"}
{"level":"info","message":"⌛ Validating testExample.wtest","timeElapsed":125,"timestamp":"2026-06-14T23:12:53.644Z"}
{"level":"info","message":"⌛ Validating intento mio/semillas/semillas.wlk","timeElapsed":128,"timestamp":"2026-06-14T23:12:53.774Z"}
{"level":"info","message":"⌛ Building environment","timeElapsed":172,"timestamp":"2026-06-14T23:12:54.368Z"}
{"level":"info","message":"⌛ Building environment","timeElapsed":149,"timestamp":"2026-06-14T23:12:54.538Z"}
{"level":"info","message":"⌛ Building environment","timeElapsed":144,"timestamp":"2026-06-14T23:12:54.683Z"}
{"level":"info","message":"⌛ Validating testExample.wtest","timeElapsed":102,"timestamp":"2026-06-14T23:13:08.381Z"}
{"level":"info","message":"⌛ Building environment","timeElapsed":109,"timestamp":"2026-06-14T23:13:08.635Z"}
{"level":"info","message":"⌛ Validating testExample.wtest","timeElapsed":102,"timestamp":"2026-06-14T23:13:08.745Z"}
{"level":"info","message":"⌛ Building environment","timeElapsed":108,"timestamp":"2026-06-14T23:13:26.190Z"}
{"level":"info","message":"⌛ Validating plantas.wlk","timeElapsed":140,"timestamp":"2026-06-14T23:13:26.332Z"}
